  Graphic.cpp
F:\计算机图形学\画棋盘\10170405-王浩丞 计算机图形学\画棋盘\Graphic.cpp(237,49): error C2065: “GWL_WNDPROC”: 未声明的标识符
F:\计算机图形学\画棋盘\10170405-王浩丞 计算机图形学\画棋盘\Graphic.cpp(237,79): warning C4311: “类型强制转换”: 从“LRESULT (__cdecl *)(HWND,UINT,WPARAM,LPARAM)”到“DWORD”的指针截断
F:\计算机图形学\画棋盘\10170405-王浩丞 计算机图形学\画棋盘\Graphic.cpp(237,79): warning C4302: “类型强制转换”: 从“LRESULT (__cdecl *)(HWND,UINT,WPARAM,LPARAM)”到“DWORD”截断
F:\计算机图形学\画棋盘\10170405-王浩丞 计算机图形学\画棋盘\Graphic.cpp(306,23): warning C4244: “*=”: 从“double”转换到“SHORT”，可能丢失数据
F:\计算机图形学\画棋盘\10170405-王浩丞 计算机图形学\画棋盘\Graphic.cpp(307,23): warning C4244: “*=”: 从“double”转换到“SHORT”，可能丢失数据
F:\计算机图形学\画棋盘\10170405-王浩丞 计算机图形学\画棋盘\Graphic.cpp(316,27): warning C4244: “=”: 从“double”转换到“SHORT”，可能丢失数据
F:\计算机图形学\画棋盘\10170405-王浩丞 计算机图形学\画棋盘\Graphic.cpp(317,28): warning C4244: “=”: 从“double”转换到“SHORT”，可能丢失数据
F:\计算机图形学\画棋盘\10170405-王浩丞 计算机图形学\画棋盘\Graphic.cpp(485,17): warning C4244: “=”: 从“int”转换到“float”，可能丢失数据
F:\计算机图形学\画棋盘\10170405-王浩丞 计算机图形学\画棋盘\Graphic.cpp(490,2): warning C4996: 'strcpy': This function or variable may be unsafe. Consider using strcpy_s instead. To disable deprecation, use _CRT_SECURE_NO_WARNINGS. See online help for details.
F:\计算机图形学\画棋盘\10170405-王浩丞 计算机图形学\画棋盘\Graphic.cpp(806,35): warning C4267: “初始化”: 从“size_t”转换到“int”，可能丢失数据
F:\计算机图形学\画棋盘\10170405-王浩丞 计算机图形学\画棋盘\Graphic.cpp(845,32): warning C4267: “return”: 从“size_t”转换到“int”，可能丢失数据
F:\计算机图形学\画棋盘\10170405-王浩丞 计算机图形学\画棋盘\Graphic.cpp(852,23): error C2065: “GCL_HCURSOR”: 未声明的标识符
F:\计算机图形学\画棋盘\10170405-王浩丞 计算机图形学\画棋盘\Graphic.cpp(852,85): warning C4311: “类型强制转换”: 从“HCURSOR”到“long”的指针截断
F:\计算机图形学\画棋盘\10170405-王浩丞 计算机图形学\画棋盘\Graphic.cpp(852,85): warning C4302: “类型强制转换”: 从“HCURSOR”到“long”截断
F:\计算机图形学\画棋盘\10170405-王浩丞 计算机图形学\画棋盘\Graphic.cpp(910,29): warning C4244: “参数”: 从“float”转换到“int”，可能丢失数据
F:\计算机图形学\画棋盘\10170405-王浩丞 计算机图形学\画棋盘\Graphic.cpp(967,29): warning C4244: “参数”: 从“float”转换到“int”，可能丢失数据
  LayerImporter.cpp
F:\计算机图形学\画棋盘\10170405-王浩丞 计算机图形学\画棋盘\Define.h(134,24): warning C4267: “return”: 从“size_t”转换到“int”，可能丢失数据
F:\计算机图形学\画棋盘\10170405-王浩丞 计算机图形学\画棋盘\Define.h(153,21): warning C4267: “return”: 从“size_t”转换到“int”，可能丢失数据
F:\计算机图形学\画棋盘\10170405-王浩丞 计算机图形学\画棋盘\LayerImporter.cpp(4,10): fatal error C1083: 无法打开包括文件: “ogrsf_frmts.h”: No such file or directory
  自定义函数.cpp
F:\计算机图形学\画棋盘\10170405-王浩丞 计算机图形学\画棋盘\自定义函数.cpp(70,11): warning C4244: “初始化”: 从“int”转换到“float”，可能丢失数据
F:\计算机图形学\画棋盘\10170405-王浩丞 计算机图形学\画棋盘\自定义函数.cpp(70,19): warning C4244: “初始化”: 从“int”转换到“float”，可能丢失数据
F:\计算机图形学\画棋盘\10170405-王浩丞 计算机图形学\画棋盘\自定义函数.cpp(72,17): warning C4244: “参数”: 从“float”转换到“int”，可能丢失数据
F:\计算机图形学\画棋盘\10170405-王浩丞 计算机图形学\画棋盘\自定义函数.cpp(72,14): warning C4244: “参数”: 从“float”转换到“int”，可能丢失数据
F:\计算机图形学\画棋盘\10170405-王浩丞 计算机图形学\画棋盘\自定义函数.cpp(431,8): warning C4244: “初始化”: 从“double”转换到“int”，可能丢失数据
F:\计算机图形学\画棋盘\10170405-王浩丞 计算机图形学\画棋盘\自定义函数.cpp(439,11): warning C4244: “=”: 从“double”转换到“int”，可能丢失数据
F:\计算机图形学\画棋盘\10170405-王浩丞 计算机图形学\画棋盘\自定义函数.cpp(478,32): warning C4244: “=”: 从“int”转换到“float”，可能丢失数据
F:\计算机图形学\画棋盘\10170405-王浩丞 计算机图形学\画棋盘\自定义函数.cpp(498,127): warning C4244: “=”: 从“int”转换到“float”，可能丢失数据
F:\计算机图形学\画棋盘\10170405-王浩丞 计算机图形学\画棋盘\自定义函数.cpp(518,34): warning C4244: “=”: 从“int”转换到“float”，可能丢失数据
F:\计算机图形学\画棋盘\10170405-王浩丞 计算机图形学\画棋盘\自定义函数.cpp(538,126): warning C4244: “=”: 从“int”转换到“float”，可能丢失数据
F:\计算机图形学\画棋盘\10170405-王浩丞 计算机图形学\画棋盘\自定义函数.cpp(707,25): warning C4244: “=”: 从“int”转换到“float”，可能丢失数据
F:\计算机图形学\画棋盘\10170405-王浩丞 计算机图形学\画棋盘\自定义函数.cpp(713,25): warning C4244: “=”: 从“int”转换到“float”，可能丢失数据
F:\计算机图形学\画棋盘\10170405-王浩丞 计算机图形学\画棋盘\自定义函数.cpp(718,25): warning C4244: “=”: 从“int”转换到“float”，可能丢失数据
F:\计算机图形学\画棋盘\10170405-王浩丞 计算机图形学\画棋盘\自定义函数.cpp(724,25): warning C4244: “=”: 从“int”转换到“float”，可能丢失数据
F:\计算机图形学\画棋盘\10170405-王浩丞 计算机图形学\画棋盘\自定义函数.cpp(732,24): warning C4244: “=”: 从“int”转换到“float”，可能丢失数据
F:\计算机图形学\画棋盘\10170405-王浩丞 计算机图形学\画棋盘\自定义函数.cpp(738,24): warning C4244: “=”: 从“int”转换到“float”，可能丢失数据
F:\计算机图形学\画棋盘\10170405-王浩丞 计算机图形学\画棋盘\自定义函数.cpp(762,18): warning C4244: “初始化”: 从“float”转换到“int”，可能丢失数据
  正在生成代码...
