e:\计算机图形学\画棋盘\画棋盘\debug\vc141.pdb
e:\计算机图形学\画棋盘\画棋盘\debug\vc141.idb
e:\计算机图形学\画棋盘\画棋盘\debug\自定义函数.obj
e:\计算机图形学\画棋盘\画棋盘\debug\graphic.obj
e:\计算机图形学\画棋盘\画棋盘\debug\入口函数.obj
e:\计算机图形学\画棋盘\画棋盘\debug\矩阵运算重载.obj
e:\计算机图形学\画棋盘\画棋盘\debug\二维变换.obj
e:\计算机图形学\画棋盘\画棋盘\debug\外部信息.obj
e:\计算机图形学\画棋盘\画棋盘\debug\utils.obj
e:\计算机图形学\画棋盘\画棋盘\debug\layerimporter.obj
e:\计算机图形学\画棋盘\画棋盘\debug\矩阵操作.obj
e:\计算机图形学\画棋盘\画棋盘\debug\画棋盘.pch
e:\计算机图形学\画棋盘\画棋盘\debug\stdafx.obj
e:\计算机图形学\画棋盘\画棋盘\debug\画棋盘.res
e:\计算机图形学\画棋盘\debug\画棋盘.lib
e:\计算机图形学\画棋盘\debug\画棋盘.exp
e:\计算机图形学\画棋盘\画棋盘\debug\自定义函数.obj.enc
e:\计算机图形学\画棋盘\画棋盘\debug\画棋盘.ilk
e:\计算机图形学\画棋盘\画棋盘\debug\画棋盘.exp
e:\计算机图形学\画棋盘\画棋盘\debug\画棋盘.pdb
e:\计算机图形学\画棋盘\debug\画棋盘.pdb
e:\计算机图形学\画棋盘\画棋盘\debug\画棋盘.tlog\cl.command.1.tlog
e:\计算机图形学\画棋盘\画棋盘\debug\画棋盘.tlog\cl.read.1.tlog
e:\计算机图形学\画棋盘\画棋盘\debug\画棋盘.tlog\cl.write.1.tlog
e:\计算机图形学\画棋盘\画棋盘\debug\画棋盘.tlog\link.command.1.tlog
e:\计算机图形学\画棋盘\画棋盘\debug\画棋盘.tlog\link.read.1.tlog
e:\计算机图形学\画棋盘\画棋盘\debug\画棋盘.tlog\link.write.1.tlog
e:\计算机图形学\画棋盘\画棋盘\debug\画棋盘.tlog\rc.command.1.tlog
e:\计算机图形学\画棋盘\画棋盘\debug\画棋盘.tlog\rc.read.1.tlog
e:\计算机图形学\画棋盘\画棋盘\debug\画棋盘.tlog\rc.write.1.tlog
e:\计算机图形学\画棋盘\画棋盘\debug\画棋盘.tlog\画棋盘.write.1u.tlog
